2020-11-20 10:27:09,817 - BrowserLogger - INFO - === TESTING MODULE test_admin_page ====
2020-11-20 10:27:09,817 - BrowserLogger - INFO - Test 'test_presence_of_elements_on_admin_login_page' is starting
2020-11-20 10:27:11,340 - BrowserLogger - INFO - Browser chrome run
2020-11-20 10:27:11,342 - AdminPage - INFO - Opening url https://demo.opencart.com/admin/
2020-11-20 10:27:13,359 - AdminPage - INFO - Checking visibility of element with locator class name - panel-heading
2020-11-20 10:27:13,388 - AdminPage - INFO - Checking visibility of element with locator id - input-username
2020-11-20 10:27:13,414 - AdminPage - INFO - Checking visibility of element with locator id - input-password
2020-11-20 10:27:13,434 - AdminPage - INFO - Checking visibility of element with locator css selector - button.btn.btn-primary
2020-11-20 10:27:13,454 - AdminPage - INFO - Checking visibility of element with locator class name - help-block
2020-11-20 10:27:13,543 - BrowserLogger - INFO - Browser chrome closed
2020-11-20 10:27:13,543 - BrowserLogger - INFO - Test 'test_presence_of_elements_on_admin_login_page' is finished


2020-11-20 10:27:13,545 - BrowserLogger - INFO - === TESTING MODULE test_admin_page ====
2020-11-20 10:27:13,545 - BrowserLogger - INFO - Test 'test_login' is starting
2020-11-20 10:27:15,055 - BrowserLogger - INFO - Browser chrome run
2020-11-20 10:27:15,057 - AdminPage - INFO - Opening url https://demo.opencart.com/admin/
2020-11-20 10:27:16,471 - AdminPage - INFO - Checking visibility of element with locator id - input-username
2020-11-20 10:27:16,499 - AdminPage - INFO - Clearing input of element <selenium.webdriver.remote.webelement.WebElement (session="6cee77a8c0e7982fa28882140735172b", element="30426ed2-0c1b-43ea-bf51-ca7433aedf63")>
2020-11-20 10:27:16,556 - AdminPage - INFO - Send text 'demo' to element <selenium.webdriver.remote.webelement.WebElement (session="6cee77a8c0e7982fa28882140735172b", element="30426ed2-0c1b-43ea-bf51-ca7433aedf63")>
2020-11-20 10:27:16,628 - AdminPage - INFO - Checking visibility of element with locator id - input-password
2020-11-20 10:27:16,653 - AdminPage - INFO - Clearing input of element <selenium.webdriver.remote.webelement.WebElement (session="6cee77a8c0e7982fa28882140735172b", element="49e4eb91-91d6-40ab-8b41-724ae4472ac0")>
2020-11-20 10:27:16,690 - AdminPage - INFO - Send text 'demo' to element <selenium.webdriver.remote.webelement.WebElement (session="6cee77a8c0e7982fa28882140735172b", element="49e4eb91-91d6-40ab-8b41-724ae4472ac0")>
2020-11-20 10:27:16,728 - AdminPage - INFO - Clicking on element with locator css selector - button.btn.btn-primary
2020-11-20 10:27:18,492 - AdminPage - INFO - Checking title 'Dashboard' of page
2020-11-20 10:27:18,563 - BrowserLogger - INFO - Browser chrome closed
2020-11-20 10:27:18,564 - BrowserLogger - INFO - Test 'test_login' is finished


2020-11-20 10:27:18,566 - BrowserLogger - INFO - === TESTING MODULE test_admin_page ====
2020-11-20 10:27:18,566 - BrowserLogger - INFO - Test 'test_logout' is starting
2020-11-20 10:27:20,079 - BrowserLogger - INFO - Browser chrome run
2020-11-20 10:27:20,081 - AdminPage - INFO - Opening url https://demo.opencart.com/admin/
2020-11-20 10:27:23,806 - AdminPage - INFO - Checking visibility of element with locator id - input-username
2020-11-20 10:27:23,833 - AdminPage - INFO - Clearing input of element <selenium.webdriver.remote.webelement.WebElement (session="89b14c3c8039e12401daa92cde9e0263", element="a34a9ab2-1625-433b-a029-32b8e978b1b5")>
2020-11-20 10:27:23,893 - AdminPage - INFO - Send text 'demo' to element <selenium.webdriver.remote.webelement.WebElement (session="89b14c3c8039e12401daa92cde9e0263", element="a34a9ab2-1625-433b-a029-32b8e978b1b5")>
2020-11-20 10:27:23,975 - AdminPage - INFO - Checking visibility of element with locator id - input-password
2020-11-20 10:27:24,001 - AdminPage - INFO - Clearing input of element <selenium.webdriver.remote.webelement.WebElement (session="89b14c3c8039e12401daa92cde9e0263", element="380d5e9a-53cf-409b-b405-e170502387d5")>
2020-11-20 10:27:24,039 - AdminPage - INFO - Send text 'demo' to element <selenium.webdriver.remote.webelement.WebElement (session="89b14c3c8039e12401daa92cde9e0263", element="380d5e9a-53cf-409b-b405-e170502387d5")>
2020-11-20 10:27:24,081 - AdminPage - INFO - Clicking on element with locator css selector - button.btn.btn-primary
2020-11-20 10:27:25,861 - AdminPage - INFO - Clicking on element with locator css selector - .nav > li:nth-child(2) > a
2020-11-20 10:27:27,043 - AdminPage - INFO - Checking visibility of element with locator xpath - //h1[contains(text(), 'enter your login')]
2020-11-20 10:27:27,133 - BrowserLogger - INFO - Browser chrome closed
2020-11-20 10:27:27,133 - BrowserLogger - INFO - Test 'test_logout' is finished


2020-11-20 10:27:27,136 - BrowserLogger - INFO - === TESTING MODULE test_admin_page ====
2020-11-20 10:27:27,136 - BrowserLogger - INFO - Test 'test_get_products_table' is starting
2020-11-20 10:27:28,669 - BrowserLogger - INFO - Browser chrome run
2020-11-20 10:27:28,671 - AdminPage - INFO - Opening url https://demo.opencart.com/admin/
2020-11-20 10:27:29,907 - AdminPage - INFO - Checking visibility of element with locator id - input-username
2020-11-20 10:27:29,934 - AdminPage - INFO - Clearing input of element <selenium.webdriver.remote.webelement.WebElement (session="b93fab7dcbfdc65f3cba5482bd6d1eba", element="08c264aa-c706-422e-b71d-cc6e3e419308")>
2020-11-20 10:27:29,988 - AdminPage - INFO - Send text 'demo' to element <selenium.webdriver.remote.webelement.WebElement (session="b93fab7dcbfdc65f3cba5482bd6d1eba", element="08c264aa-c706-422e-b71d-cc6e3e419308")>
2020-11-20 10:27:30,061 - AdminPage - INFO - Checking visibility of element with locator id - input-password
2020-11-20 10:27:30,084 - AdminPage - INFO - Clearing input of element <selenium.webdriver.remote.webelement.WebElement (session="b93fab7dcbfdc65f3cba5482bd6d1eba", element="7bceea80-1c3a-42be-94f1-eb248c32fd68")>
2020-11-20 10:27:30,121 - AdminPage - INFO - Send text 'demo' to element <selenium.webdriver.remote.webelement.WebElement (session="b93fab7dcbfdc65f3cba5482bd6d1eba", element="7bceea80-1c3a-42be-94f1-eb248c32fd68")>
2020-11-20 10:27:30,157 - AdminPage - INFO - Clicking on element with locator css selector - button.btn.btn-primary
2020-11-20 10:27:31,809 - AdminPage - INFO - Clicking on element with locator css selector - #menu-catalog > a
2020-11-20 10:27:31,866 - AdminPage - INFO - Clicking on element with locator css selector - #collapse1 > li:nth-child(1) > a
2020-11-20 10:27:32,798 - AdminPage - INFO - Checking visibility of element with locator css selector - .table-responsive
2020-11-20 10:27:32,885 - BrowserLogger - INFO - Browser chrome closed
2020-11-20 10:27:32,885 - BrowserLogger - INFO - Test 'test_get_products_table' is finished


2020-11-20 10:27:32,888 - BrowserLogger - INFO - === TESTING MODULE test_catalogue_page ====
2020-11-20 10:27:32,888 - BrowserLogger - INFO - Test 'test_presence_of_elements_on_catalogue_page' is starting
2020-11-20 10:27:34,421 - BrowserLogger - INFO - Browser chrome run
2020-11-20 10:27:34,423 - CataloguePage - INFO - Opening url https://demo.opencart.com/index.php?route=product/category&path=18
2020-11-20 10:27:37,104 - CataloguePage - INFO - Checking visibility of element with locator class name - breadcrumb
2020-11-20 10:27:37,130 - CataloguePage - INFO - Checking visibility of element with locator tag name - h2
2020-11-20 10:27:37,152 - CataloguePage - INFO - Checking visibility of element with locator class name - img-thumbnail
2020-11-20 10:27:37,172 - CataloguePage - INFO - Checking visibility of element with locator id - column-left
2020-11-20 10:27:37,192 - CataloguePage - INFO - Checking visibility of element with locator id - banner0
2020-11-20 10:27:37,275 - BrowserLogger - INFO - Browser chrome closed
2020-11-20 10:27:37,276 - BrowserLogger - INFO - Test 'test_presence_of_elements_on_catalogue_page' is finished


2020-11-20 10:27:37,277 - BrowserLogger - INFO - === TESTING MODULE test_catalogue_page ====
2020-11-20 10:27:37,278 - BrowserLogger - INFO - Test 'test_add_to_compare' is starting
2020-11-20 10:27:38,795 - BrowserLogger - INFO - Browser chrome run
2020-11-20 10:27:38,797 - CataloguePage - INFO - Opening url https://demo.opencart.com/index.php?route=product/category&path=18
2020-11-20 10:27:40,124 - CataloguePage - INFO - Checking visibility of element with locator xpath - /html/body/div[2]/div/div/div[4]/div[1]
2020-11-20 10:27:40,150 - CataloguePage - INFO - Clicking on element with locator xpath - //button[@data-original-title="Compare this Product" and contains(@onclick, "47")]
2020-11-20 10:27:40,246 - CataloguePage - INFO - Checking visibility of element with locator css selector - .alert-success
2020-11-20 10:27:41,290 - CataloguePage - INFO - Checking visibility of element with locator id - compare-total
2020-11-20 10:27:41,309 - CataloguePage - INFO - Getting text of element with locator id - compare-total
2020-11-20 10:27:41,400 - BrowserLogger - INFO - Browser chrome closed
2020-11-20 10:27:41,400 - BrowserLogger - INFO - Test 'test_add_to_compare' is finished


2020-11-20 10:27:41,402 - BrowserLogger - INFO - === TESTING MODULE test_catalogue_page ====
2020-11-20 10:27:41,402 - BrowserLogger - INFO - Test 'test_sort_by_name_a_z' is starting
2020-11-20 10:27:42,922 - BrowserLogger - INFO - Browser chrome run
2020-11-20 10:27:42,924 - CataloguePage - INFO - Opening url https://demo.opencart.com/index.php?route=product/category&path=18
2020-11-20 10:27:44,122 - CataloguePage - INFO - Finding select input by locator id - input-sort and select by text 'Name (A - Z)'
2020-11-20 10:27:45,018 - CataloguePage - INFO - Getting text of element with locator xpath - /html/body/div[2]/div/div/div[4]/div[1]/div/div[2]/div[1]/h4/a
2020-11-20 10:27:45,055 - CataloguePage - INFO - Getting text of element with locator xpath - /html/body/div[2]/div/div/div[4]/div[5]/div/div[2]/div[1]/h4/a
2020-11-20 10:27:45,157 - BrowserLogger - INFO - Browser chrome closed
2020-11-20 10:27:45,158 - BrowserLogger - INFO - Test 'test_sort_by_name_a_z' is finished


2020-11-20 10:27:45,159 - BrowserLogger - INFO - === TESTING MODULE test_header_page ====
2020-11-20 10:27:45,159 - BrowserLogger - INFO - Test 'test_search_result_title[phone]' is starting
2020-11-20 10:27:46,717 - BrowserLogger - INFO - Browser chrome run
2020-11-20 10:27:46,719 - HeaderPage - INFO - Opening url https://demo.opencart.com/
2020-11-20 10:27:48,204 - HeaderPage - INFO - Checking visibility of element with locator name - search
2020-11-20 10:27:48,235 - HeaderPage - INFO - Checking visibility of element with locator css selector - .btn.btn-default.btn-lg
2020-11-20 10:27:48,258 - HeaderPage - INFO - Checking visibility of element with locator name - search
2020-11-20 10:27:48,273 - HeaderPage - INFO - Clearing input of element <selenium.webdriver.remote.webelement.WebElement (session="7af03ed6e7981f2465a9dbebe153c57f", element="b1d5a897-7c7a-497c-a358-118ad2a692ba")>
2020-11-20 10:27:48,305 - HeaderPage - INFO - Send text 'phone' to element <selenium.webdriver.remote.webelement.WebElement (session="7af03ed6e7981f2465a9dbebe153c57f", element="b1d5a897-7c7a-497c-a358-118ad2a692ba")>
2020-11-20 10:27:48,405 - HeaderPage - INFO - Clicking on element with locator css selector - .btn.btn-default.btn-lg
2020-11-20 10:27:49,280 - HeaderPage - INFO - Checking title 'Search - phone' of page
2020-11-20 10:27:49,349 - BrowserLogger - INFO - Browser chrome closed
2020-11-20 10:27:49,349 - BrowserLogger - INFO - Test 'test_search_result_title[phone]' is finished


2020-11-20 10:27:49,351 - BrowserLogger - INFO - === TESTING MODULE test_header_page ====
2020-11-20 10:27:49,351 - BrowserLogger - INFO - Test 'test_search_result_title[laptop]' is starting
2020-11-20 10:27:50,876 - BrowserLogger - INFO - Browser chrome run
2020-11-20 10:27:50,878 - HeaderPage - INFO - Opening url https://demo.opencart.com/
2020-11-20 10:27:53,851 - HeaderPage - INFO - Checking visibility of element with locator name - search
2020-11-20 10:27:53,876 - HeaderPage - INFO - Checking visibility of element with locator css selector - .btn.btn-default.btn-lg
2020-11-20 10:27:53,900 - HeaderPage - INFO - Checking visibility of element with locator name - search
2020-11-20 10:27:53,914 - HeaderPage - INFO - Clearing input of element <selenium.webdriver.remote.webelement.WebElement (session="dec109bfa74a2f628ca2d3c3746de6da", element="29f926bf-474f-4bda-b9e7-38bb4f27a464")>
2020-11-20 10:27:53,945 - HeaderPage - INFO - Send text 'laptop' to element <selenium.webdriver.remote.webelement.WebElement (session="dec109bfa74a2f628ca2d3c3746de6da", element="29f926bf-474f-4bda-b9e7-38bb4f27a464")>
2020-11-20 10:27:54,041 - HeaderPage - INFO - Clicking on element with locator css selector - .btn.btn-default.btn-lg
2020-11-20 10:27:54,849 - HeaderPage - INFO - Checking title 'Search - laptop' of page
2020-11-20 10:27:54,918 - BrowserLogger - INFO - Browser chrome closed
2020-11-20 10:27:54,918 - BrowserLogger - INFO - Test 'test_search_result_title[laptop]' is finished


2020-11-20 10:27:54,920 - BrowserLogger - INFO - === TESTING MODULE test_header_page ====
2020-11-20 10:27:54,920 - BrowserLogger - INFO - Test 'test_search_result_title[HP]' is starting
2020-11-20 10:27:56,428 - BrowserLogger - INFO - Browser chrome run
2020-11-20 10:27:56,430 - HeaderPage - INFO - Opening url https://demo.opencart.com/
2020-11-20 10:27:57,652 - HeaderPage - INFO - Checking visibility of element with locator name - search
2020-11-20 10:27:57,677 - HeaderPage - INFO - Checking visibility of element with locator css selector - .btn.btn-default.btn-lg
2020-11-20 10:27:57,703 - HeaderPage - INFO - Checking visibility of element with locator name - search
2020-11-20 10:27:57,716 - HeaderPage - INFO - Clearing input of element <selenium.webdriver.remote.webelement.WebElement (session="5a4bc79b4882346f5998f7d2b3730b89", element="4b45d6aa-dc10-4a3b-8f28-1af90f9e8945")>
2020-11-20 10:27:57,749 - HeaderPage - INFO - Send text 'HP' to element <selenium.webdriver.remote.webelement.WebElement (session="5a4bc79b4882346f5998f7d2b3730b89", element="4b45d6aa-dc10-4a3b-8f28-1af90f9e8945")>
2020-11-20 10:27:57,841 - HeaderPage - INFO - Clicking on element with locator css selector - .btn.btn-default.btn-lg
2020-11-20 10:27:58,664 - HeaderPage - INFO - Checking title 'Search - HP' of page
2020-11-20 10:27:58,733 - BrowserLogger - INFO - Browser chrome closed
2020-11-20 10:27:58,733 - BrowserLogger - INFO - Test 'test_search_result_title[HP]' is finished


2020-11-20 10:27:58,735 - BrowserLogger - INFO - === TESTING MODULE test_login_page ====
2020-11-20 10:27:58,735 - BrowserLogger - INFO - Test 'test_presence_of_elements_on_login_page' is starting
2020-11-20 10:28:00,261 - BrowserLogger - INFO - Browser chrome run
2020-11-20 10:28:00,263 - LoginPage - INFO - Opening url https://demo.opencart.com/index.php?route=account/login
2020-11-20 10:28:01,584 - LoginPage - INFO - Checking visibility of element with locator css selector - #content > .row > .col-sm-6:first-child >.well
2020-11-20 10:28:01,611 - LoginPage - INFO - Checking visibility of element with locator css selector - #content > .row > .col-sm-6:last-child >.well
2020-11-20 10:28:01,636 - LoginPage - INFO - Checking visibility of element with locator class name - list-group
2020-11-20 10:28:01,655 - LoginPage - INFO - Checking visibility of element with locator css selector - a.btn.btn-primary
2020-11-20 10:28:01,673 - LoginPage - INFO - Checking visibility of element with locator css selector - input.btn.btn-primary
2020-11-20 10:28:01,754 - BrowserLogger - INFO - Browser chrome closed
2020-11-20 10:28:01,754 - BrowserLogger - INFO - Test 'test_presence_of_elements_on_login_page' is finished


2020-11-20 10:28:01,756 - BrowserLogger - INFO - === TESTING MODULE test_main_page ====
2020-11-20 10:28:01,756 - BrowserLogger - INFO - Test 'test_presence_of_elements_on_main_page' is starting
2020-11-20 10:28:03,277 - BrowserLogger - INFO - Browser chrome run
2020-11-20 10:28:03,279 - MainPage - INFO - Opening url https://demo.opencart.com/
2020-11-20 10:28:06,140 - MainPage - INFO - Checking visibility of element with locator css selector - #content .swiper-viewport:nth-child(1)
2020-11-20 10:28:06,170 - MainPage - INFO - Checking visibility of element with locator css selector - .swiper-pagination.slideshow0.swiper-pagination-clickable.swiper-pagination-bullets
2020-11-20 10:28:06,194 - MainPage - INFO - Checking visibility of element with locator tag name - h3
2020-11-20 10:28:06,213 - MainPage - INFO - Checking visibility of element with locator css selector - #carousel0.swiper-container-horizontal
2020-11-20 10:28:06,232 - MainPage - INFO - Checking visibility of element with locator css selector - .swiper-pagination.carousel0.swiper-pagination-clickable.swiper-pagination-bullets
2020-11-20 10:28:06,320 - BrowserLogger - INFO - Browser chrome closed
2020-11-20 10:28:06,320 - BrowserLogger - INFO - Test 'test_presence_of_elements_on_main_page' is finished


2020-11-20 10:28:06,322 - BrowserLogger - INFO - === TESTING MODULE test_main_page ====
2020-11-20 10:28:06,322 - BrowserLogger - INFO - Test 'test_is_main_page' is starting
2020-11-20 10:28:07,880 - BrowserLogger - INFO - Browser chrome run
2020-11-20 10:28:07,881 - MainPage - INFO - Opening url https://demo.opencart.com/
2020-11-20 10:28:09,256 - MainPage - INFO - Checking title 'Your Store' of page
2020-11-20 10:28:09,326 - BrowserLogger - INFO - Browser chrome closed
2020-11-20 10:28:09,327 - BrowserLogger - INFO - Test 'test_is_main_page' is finished


2020-11-20 10:28:09,328 - BrowserLogger - INFO - === TESTING MODULE test_product_page ====
2020-11-20 10:28:09,328 - BrowserLogger - INFO - Test 'test_presence_of_elements_on_product_page' is starting
2020-11-20 10:28:10,867 - BrowserLogger - INFO - Browser chrome run
2020-11-20 10:28:10,869 - ProductPage - INFO - Opening url https://demo.opencart.com/index.php?route=product/product&path=18&product_id=47
2020-11-20 10:28:13,213 - ProductPage - INFO - Checking visibility of element with locator css selector - .btn-group + h1
2020-11-20 10:28:13,238 - ProductPage - INFO - Checking visibility of element with locator id - button-cart
2020-11-20 10:28:13,262 - ProductPage - INFO - Checking visibility of element with locator class name - thumbnails
2020-11-20 10:28:13,283 - ProductPage - INFO - Checking visibility of element with locator class name - rating
2020-11-20 10:28:13,303 - ProductPage - INFO - Checking visibility of element with locator css selector - #tab-description > p
2020-11-20 10:28:13,389 - BrowserLogger - INFO - Browser chrome closed
2020-11-20 10:28:13,389 - BrowserLogger - INFO - Test 'test_presence_of_elements_on_product_page' is finished


2020-11-20 10:28:13,390 - BrowserLogger - INFO - === TESTING MODULE test_product_page ====
2020-11-20 10:28:13,390 - BrowserLogger - INFO - Test 'test_open_image_in_window_by_click' is starting
2020-11-20 10:28:14,921 - BrowserLogger - INFO - Browser chrome run
2020-11-20 10:28:14,923 - ProductPage - INFO - Opening url https://demo.opencart.com/index.php?route=product/product&path=18&product_id=47
2020-11-20 10:28:16,951 - ProductPage - INFO - Clicking on element with locator xpath - //ul[@class="thumbnails"]/li[1]
2020-11-20 10:28:17,040 - ProductPage - INFO - Checking visibility of element with locator css selector - .mfp-figure
2020-11-20 10:28:17,648 - BrowserLogger - INFO - Browser chrome closed
2020-11-20 10:28:17,648 - BrowserLogger - INFO - Test 'test_open_image_in_window_by_click' is finished


2020-11-20 10:28:17,649 - BrowserLogger - INFO - === TESTING MODULE test_product_page ====
2020-11-20 10:28:17,650 - BrowserLogger - INFO - Test 'test_click_on_tabs' is starting
2020-11-20 10:28:19,169 - BrowserLogger - INFO - Browser chrome run
2020-11-20 10:28:19,171 - ProductPage - INFO - Opening url https://demo.opencart.com/index.php?route=product/product&path=18&product_id=47
2020-11-20 10:28:25,280 - ProductPage - INFO - Clicking on element with locator xpath - //a[@href="#tab-specification"]
2020-11-20 10:28:25,375 - ProductPage - INFO - Finding input by locator xpath - //ul[@class="nav nav-tabs"]/li[2] and getting attribute 'class'
2020-11-20 10:28:25,405 - ProductPage - INFO - Clicking on element with locator xpath - //a[@href="#tab-review"]
2020-11-20 10:28:25,459 - ProductPage - INFO - Finding input by locator xpath - //ul[@class="nav nav-tabs"]/li[3] and getting attribute 'class'
2020-11-20 10:28:25,485 - ProductPage - INFO - Clicking on element with locator xpath - //a[@href="#tab-description"]
2020-11-20 10:28:25,541 - ProductPage - INFO - Finding input by locator xpath - //ul[@class="nav nav-tabs"]/li[1] and getting attribute 'class'
2020-11-20 10:28:25,633 - BrowserLogger - INFO - Browser chrome closed
2020-11-20 10:28:25,633 - BrowserLogger - INFO - Test 'test_click_on_tabs' is finished


